{"C:\\Users\\eldiv\\OneDrive\\Escritorio\\DevOps Pipeline\\DevOps\\src\\app.js": {"path":"C:\\Users\\eldiv\\OneDrive\\Escritorio\\DevOps Pipeline\\DevOps\\src\\app.js","statementMap":{"0":{"start":{"line":2,"column":4},"end":{"line":2,"column":17}},"1":{"start":{"line":5,"column":2},"end":{"line":5,"column":27}}},"fnMap":{"0":{"name":"sum","decl":{"start":{"line":1,"column":9},"end":{"line":1,"column":12}},"loc":{"start":{"line":1,"column":19},"end":{"line":3,"column":3}},"line":1}},"branchMap":{},"s":{"0":1,"1":1},"f":{"0":1},"b":{},"_coverageSchema":"1a1c01bbd47fc00a2c39e90264f33305004495a9","hash":"15636333ccb3c19cf564b19c218fed3dca18bc9f"}
}
